2024-01-24T13:12:48+00:00 DEBUG tt4b_product_delete: missing access token for tt4b_product_sync
2024-01-24T13:12:48+00:00 DEBUG tt4b_product_delete: missing access token for tt4b_product_sync
2024-01-24T13:12:48+00:00 DEBUG tt4b_product_delete: missing access token for tt4b_product_sync
2024-01-24T13:38:43+00:00 DEBUG Tt4b_Pixel_Class::inject_view_content_event: hit ViewContent
2024-01-24T13:38:43+00:00 DEBUG Tt4b_Pixel_Class::inject_view_content_event: Missing option "access_token"
2024-01-24T13:40:00+00:00 DEBUG Tt4b_Pixel_Class::inject_view_content_event: hit ViewContent
2024-01-24T13:40:00+00:00 DEBUG Tt4b_Pixel_Class::inject_view_content_event: Missing option "access_token"
2024-01-24T13:40:41+00:00 DEBUG Tt4b_Pixel_Class::inject_add_to_cart_event: hit AddToCart
2024-01-24T13:40:41+00:00 DEBUG Tt4b_Pixel_Class::inject_add_to_cart_event: Missing option "access_token"
2024-01-24T13:40:48+00:00 DEBUG Tt4b_Pixel_Class::inject_start_checkout: hit InitiateCheckout
2024-01-24T13:40:48+00:00 DEBUG Tt4b_Pixel_Class::inject_start_checkout: Missing option "access_token"
2024-01-24T13:41:35+00:00 DEBUG Tt4b_Pixel_Class::inject_purchase_event: hit Purchase
2024-01-24T13:41:35+00:00 DEBUG Tt4b_Pixel_Class::inject_purchase_event: Missing option "access_token"
2024-01-24T13:53:56+00:00 DEBUG Tt4b_Pixel_Class::inject_view_content_event: hit ViewContent
2024-01-24T13:53:56+00:00 DEBUG Tt4b_Pixel_Class::inject_view_content_event: Missing option "access_token"
2024-01-24T13:54:03+00:00 DEBUG Tt4b_Pixel_Class::inject_add_to_cart_event: hit AddToCart
2024-01-24T13:54:03+00:00 DEBUG Tt4b_Pixel_Class::inject_add_to_cart_event: Missing option "access_token"
2024-01-24T13:54:03+00:00 DEBUG Tt4b_Pixel_Class::inject_view_content_event: hit ViewContent
2024-01-24T13:54:03+00:00 DEBUG Tt4b_Pixel_Class::inject_view_content_event: Missing option "access_token"
2024-01-24T13:54:08+00:00 DEBUG Tt4b_Pixel_Class::inject_start_checkout: hit InitiateCheckout
2024-01-24T13:54:08+00:00 DEBUG Tt4b_Pixel_Class::inject_start_checkout: Missing option "access_token"
2024-01-24T14:07:03+00:00 DEBUG Tt4b_Pixel_Class::inject_start_checkout: hit InitiateCheckout
2024-01-24T14:07:03+00:00 DEBUG Tt4b_Pixel_Class::inject_start_checkout: Missing option "access_token"
2024-01-24T14:52:51+00:00 DEBUG Tt4b_Pixel_Class::inject_start_checkout: hit InitiateCheckout
2024-01-24T14:52:51+00:00 DEBUG Tt4b_Pixel_Class::inject_start_checkout: Missing option "access_token"
2024-01-24T14:53:20+00:00 DEBUG Tt4b_Pixel_Class::inject_purchase_event: hit Purchase
2024-01-24T14:53:20+00:00 DEBUG Tt4b_Pixel_Class::inject_purchase_event: Missing option "access_token"
2024-01-24T15:34:08+00:00 DEBUG Tt4b_Pixel_Class::inject_add_to_cart_event: hit AddToCart
2024-01-24T15:34:08+00:00 DEBUG Tt4b_Pixel_Class::inject_add_to_cart_event: Missing option "access_token"
2024-01-24T15:34:19+00:00 DEBUG Tt4b_Pixel_Class::inject_start_checkout: hit InitiateCheckout
2024-01-24T15:34:20+00:00 DEBUG Tt4b_Pixel_Class::inject_start_checkout: Missing option "access_token"
2024-01-24T15:34:22+00:00 DEBUG Tt4b_Pixel_Class::inject_start_checkout: hit InitiateCheckout
2024-01-24T15:34:22+00:00 DEBUG Tt4b_Pixel_Class::inject_start_checkout: Missing option "access_token"
2024-01-24T15:35:15+00:00 DEBUG Tt4b_Pixel_Class::inject_start_checkout: hit InitiateCheckout
2024-01-24T15:35:15+00:00 DEBUG Tt4b_Pixel_Class::inject_start_checkout: Missing option "access_token"
2024-01-24T15:41:37+00:00 DEBUG Tt4b_Pixel_Class::inject_start_checkout: hit InitiateCheckout
2024-01-24T15:41:37+00:00 DEBUG Tt4b_Pixel_Class::inject_start_checkout: Missing option "access_token"
