2024-01-25T02:44:19+00:00 DEBUG Tt4b_Pixel_Class::inject_view_content_event: hit ViewContent
2024-01-25T02:44:19+00:00 DEBUG Tt4b_Pixel_Class::inject_view_content_event: Missing option "access_token"
2024-01-25T02:44:49+00:00 DEBUG Tt4b_Pixel_Class::inject_start_checkout: hit InitiateCheckout
2024-01-25T02:44:49+00:00 DEBUG Tt4b_Pixel_Class::inject_start_checkout: Missing option "access_token"
2024-01-25T04:00:25+00:00 DEBUG Tt4b_Pixel_Class::inject_start_checkout: hit InitiateCheckout
2024-01-25T04:00:25+00:00 DEBUG Tt4b_Pixel_Class::inject_start_checkout: Missing option "access_token"
2024-01-25T06:20:45+00:00 DEBUG Tt4b_Pixel_Class::inject_view_content_event: hit ViewContent
2024-01-25T06:20:45+00:00 DEBUG Tt4b_Pixel_Class::inject_view_content_event: Missing option "access_token"
2024-01-25T06:21:12+00:00 DEBUG Tt4b_Pixel_Class::inject_view_content_event: hit ViewContent
2024-01-25T06:21:12+00:00 DEBUG Tt4b_Pixel_Class::inject_view_content_event: Missing option "access_token"
2024-01-25T06:23:17+00:00 DEBUG Tt4b_Pixel_Class::inject_view_content_event: hit ViewContent
2024-01-25T06:23:17+00:00 DEBUG Tt4b_Pixel_Class::inject_view_content_event: Missing option "access_token"
2024-01-25T06:29:57+00:00 DEBUG Tt4b_Pixel_Class::inject_start_checkout: hit InitiateCheckout
2024-01-25T06:29:57+00:00 DEBUG Tt4b_Pixel_Class::inject_start_checkout: Missing option "access_token"
2024-01-25T06:45:54+00:00 DEBUG Tt4b_Pixel_Class::inject_start_checkout: hit InitiateCheckout
2024-01-25T06:45:54+00:00 DEBUG Tt4b_Pixel_Class::inject_start_checkout: Missing option "access_token"
2024-01-25T07:14:40+00:00 DEBUG Tt4b_Pixel_Class::inject_start_checkout: hit InitiateCheckout
2024-01-25T07:14:40+00:00 DEBUG Tt4b_Pixel_Class::inject_start_checkout: Missing option "access_token"
2024-01-25T13:43:56+00:00 DEBUG Tt4b_Pixel_Class::inject_start_checkout: hit InitiateCheckout
2024-01-25T13:43:56+00:00 DEBUG Tt4b_Pixel_Class::inject_start_checkout: Missing option "access_token"
2024-01-25T13:44:42+00:00 DEBUG Tt4b_Pixel_Class::inject_purchase_event: hit Purchase
2024-01-25T13:44:42+00:00 DEBUG Tt4b_Pixel_Class::inject_purchase_event: Missing option "access_token"
2024-01-25T14:00:16+00:00 DEBUG Tt4b_Pixel_Class::inject_view_content_event: hit ViewContent
2024-01-25T14:00:16+00:00 DEBUG Tt4b_Pixel_Class::inject_view_content_event: Missing option "access_token"
2024-01-25T14:00:25+00:00 DEBUG Tt4b_Pixel_Class::inject_add_to_cart_event: hit AddToCart
2024-01-25T14:00:25+00:00 DEBUG Tt4b_Pixel_Class::inject_add_to_cart_event: Missing option "access_token"
2024-01-25T14:00:25+00:00 DEBUG Tt4b_Pixel_Class::inject_view_content_event: hit ViewContent
2024-01-25T14:00:25+00:00 DEBUG Tt4b_Pixel_Class::inject_view_content_event: Missing option "access_token"
2024-01-25T14:00:34+00:00 DEBUG Tt4b_Pixel_Class::inject_start_checkout: hit InitiateCheckout
2024-01-25T14:00:34+00:00 DEBUG Tt4b_Pixel_Class::inject_start_checkout: Missing option "access_token"
2024-01-25T14:00:50+00:00 DEBUG Tt4b_Pixel_Class::inject_start_checkout: hit InitiateCheckout
2024-01-25T14:00:50+00:00 DEBUG Tt4b_Pixel_Class::inject_start_checkout: Missing option "access_token"
2024-01-25T14:04:22+00:00 DEBUG Tt4b_Pixel_Class::inject_start_checkout: hit InitiateCheckout
2024-01-25T14:04:22+00:00 DEBUG Tt4b_Pixel_Class::inject_start_checkout: Missing option "access_token"
2024-01-25T14:07:15+00:00 DEBUG Tt4b_Pixel_Class::inject_start_checkout: hit InitiateCheckout
2024-01-25T14:07:15+00:00 DEBUG Tt4b_Pixel_Class::inject_start_checkout: Missing option "access_token"
